<?xml version="1.0" encoding="UTF-8"?>
<!-- Generated by org.testng.reporters.JUnitReportReporter -->
<testsuite name="Login" tests="1" time="43.921" ignored="0" failures="0" timestamp="20 Nov 2019 03:45:30 GMT" skipped="0" hostname="DESKTOP-9D6580F" errors="0">
  <testcase name="testLogin" time="43.921" classname="Login"/>
</testsuite> <!-- Login -->
