<?xml version="1.0" encoding="UTF-8"?>
<!-- Generated by org.testng.reporters.JUnitReportReporter -->
<testsuite name="Login" tests="1" time="46.685" ignored="0" failures="0" timestamp="20 Nov 2019 17:33:47 GMT" skipped="0" hostname="GIRILaptop" errors="0">
  <testcase name="testLogin" time="46.685" classname="Login"/>
</testsuite> <!-- Login -->
